<?xml version="1.0" encoding="UTF-8" ?>
<testsuite errors="0" failures="0" hostname="hai-PC" name="tests.AllTests" skipped="0" tests="3" time="43.409" timestamp="2014-09-09T13:52:53">
  <properties>
    <property name="file.encoding.pkg" value="sun.io" />
    <property name="env.PROMPT" value="$P$G" />
    <property name="env.=D:" value="D:\workspace\AntProject" />
    <property name="java.home" value="C:\Program Files (x86)\Java\jdk1.7.0_55\jre" />
    <property name="env.PROCESSOR_ARCHITEW6432" value="AMD64" />
    <property name="ws.jars" value="D:\Jars" />
    <property name="java.endorsed.dirs" value="C:\Program Files (x86)\Java\jdk1.7.0_55\jre\lib\endorsed" />
    <property name="env.USERNAME" value="Nexii" />
    <property name="env.HUDSON_HOME" value="C:\Users\Nexii\.jenkins" />
    <property name="sun.os.patch.level" value="Service Pack 1" />
    <property name="java.vendor.url" value="http://java.oracle.com/" />
    <property name="env.COMPUTERNAME" value="HAI-PC" />
    <property name="env.=C:" value="C:\Users\Nexii\.jenkins\workspace\JenkinsProject1" />
    <property name="env.ProgramFiles(x86)" value="C:\Program Files (x86)" />
    <property name="env.NODE_NAME" value="master" />
    <property name="env.windows_tracing_flags" value="3" />
    <property name="java.version" value="1.7.0_55" />
    <property name="env.ANDROID_HOME" value="D:\adt-bundle-windows-x86-20140702\sdk" />
    <property name="test.dest" value="D:\workspace\AntProject/build" />
    <property name="env.NODE_LABELS" value="master" />
    <property name="env.JENKINS_SERVER_COOKIE" value="d617b114e2d9bbc2" />
    <property name="java.vendor.url.bug" value="http://bugreport.sun.com/bugreport/" />
    <property name="env.USERPROFILE" value="C:\Users\Nexii" />
    <property name="ant.project.invoked-targets" value="clean,compile,run" />
    <property name="ant.file.Junit_Ant" value="D:\workspace\AntProject\build.xml" />
    <property name="env.SystemRoot" value="C:\Windows" />
    <property name="user.name" value="Nexii" />
    <property name="sun.io.unicode.encoding" value="UnicodeLittle" />
    <property name="sun.jnu.encoding" value="Cp1252" />
    <property name="java.runtime.name" value="Java(TM) SE Runtime Environment" />
    <property name="env.LOCALAPPDATA" value="C:\Users\Nexii\AppData\Local" />
    <property name="java.specification.name" value="Java Platform API Specification" />
    <property name="user.timezone" value="" />
    <property name="env.ANT_PATH" value="C:\apache-ant-1.9.4\" />
    <property name="user.script" value="" />
    <property name="path.separator" value=";" />
    <property name="env.PROCESSOR_IDENTIFIER" value="Intel64 Family 6 Model 42 Stepping 7, GenuineIntel" />
    <property name="env._JAVACMD" value="C:\Program Files (x86)\Java\jdk1.7.0_55\bin\java.exe" />
    <property name="file.encoding" value="Cp1252" />
    <property name="ant.project.default-target" value="usage" />
    <property name="sun.java.command" value="org.apache.tools.ant.taskdefs.optional.junit.JUnitTestRunner tests.AllTests skipNonTests=false filtertrace=true haltOnError=false haltOnFailure=false formatter=org.apache.tools.ant.taskdefs.optional.junit.SummaryJUnitResultFormatter showoutput=false outputtoformatters=true logfailedtests=true threadid=0 logtestlistenerevents=false formatter=org.apache.tools.ant.taskdefs.optional.junit.XMLJUnitResultFormatter,D:\workspace\AntProject\Reports\TEST-tests.AllTests.xml crashfile=D:\workspace\AntProject\junitvmwatcher794744546282595983.properties propsfile=D:\workspace\AntProject\junit201621498278540810.properties" />
    <property name="env.NUMBER_OF_PROCESSORS" value="4" />
    <property name="env.APPDATA" value="C:\Users\Nexii\AppData\Roaming" />
    <property name="ant.file" value="D:\workspace\AntProject\build.xml" />
    <property name="env.BUILD_TAG" value="jenkins-JenkinsProject1-155" />
    <property name="start.time" value="09/09/2014 07:22 PM" />
    <property name="java.io.tmpdir" value="C:\Users\Nexii\AppData\Local\Temp\" />
    <property name="TODAY" value="September 9 2014" />
    <property name="user.language" value="en" />
    <property name="env.SystemDrive" value="C:" />
    <property name="line.separator" value="&#xd;&#xa;" />
    <property name="ant.file.type" value="file" />
    <property name="ANT" value="C:\apache-ant-1.9.4\bin\../bin/ant.bat" />
    <property name="env.JOB_NAME" value="JenkinsProject1" />
    <property name="java.vm.info" value="mixed mode, sharing" />
    <property name="env.BUILD_DISPLAY_NAME" value="#155" />
    <property name="sun.desktop" value="windows" />
    <property name="java.vm.specification.name" value="Java Virtual Machine Specification" />
    <property name="env.BUILD_URL" value="http://localhost:8080/job/JenkinsProject1/155/" />
    <property name="env.PATHEXT" value=".COM;.EXE;.BAT;.CMD;.VBS;.VBE;.JS;.JSE;.WSF;.WSH;.MSC" />
    <property name="env.LOGONSERVER" value="\\HAI-PC" />
    <property name="java.awt.printerjob" value="sun.awt.windows.WPrinterJob" />
    <property name="env.HUDSON_SERVER_COOKIE" value="d617b114e2d9bbc2" />
    <property name="env.PUBLIC" value="C:\Users\Public" />
    <property name="test.src" value="D:\workspace\AntProject/src" />
    <property name="ant.version" value="Apache Ant(TM) version 1.9.4 compiled on April 29 2014" />
    <property name="env.USERDOMAIN" value="hai-PC" />
    <property name="env.PROCESSOR_LEVEL" value="6" />
    <property name="env.windir" value="C:\Windows" />
    <property name="env.BUILD_NUMBER" value="155" />
    <property name="env.CommonProgramFiles(x86)" value="C:\Program Files (x86)\Common Files" />
    <property name="os.name" value="Windows 7" />
    <property name="java.specification.vendor" value="Oracle Corporation" />
    <property name="env.TMP" value="C:\Users\Nexii\AppData\Local\Temp" />
    <property name="java.vm.name" value="Java HotSpot(TM) Client VM" />
    <property name="env.ProgramData" value="C:\ProgramData" />
    <property name="env.JOB_URL" value="http://localhost:8080/job/JenkinsProject1/" />
    <property name="env.OS" value="Windows_NT" />
    <property name="java.library.path" value="C:\Program Files (x86)\Java\jdk1.7.0_55\jre\bin;C:\Windows\Sun\Java\bin;C:\Windows\system32;C:\Windows;C:\Program Files (x86)\Java\jdk1.7.0_55/bin;C:\Program Files (x86)\Java\jdk1.7.0_55/bin;C:\Windows\system32;C:\Windows;C:\Windows\System32\Wbem;C:\Windows\System32\WindowsPowerShell\v1.0\;C:\Program Files (x86)\Java\jdk1.7.0_55\bin\;C:\apache-ant-1.9.4\bin\;C:\NEW\apache-maven-3.2.3\bin\;C:\Windows\system32;C:\Windows;C:\Windows\System32\Wbem;C:\Windows\System32\WindowsPowerShell\v1.0\;C:\Program Files (x86)\Java\jdk1.7.0_55\bin\;C:\apache-ant-1.9.4\bin\;C:\NEW\apache-maven-3.2.3\bin\;C:\Windows\system32;C:\Windows;C:\Windows\System32\Wbem;C:\Windows\System32\WindowsPowerShell\v1.0\;C:\Program Files (x86)\Java\jdk1.7.0_55\bin\;C:\apache-ant-1.9.4\bin\;C:\NEW\apache-maven-3.2.3\bin\;C:\Windows\System32;D:\adt-bundle-windows-x86-20140702\sdk\platforms;D:\adt-bundle-windows-x86-20140702\sdk\platform-tools;C:\Program Files\SlikSvn\bin;D:\adt-bundle-windows-x86-20140702\sdk\platforms;D:\adt-bundle-windows-x86-20140702\sdk\platform-tools;C:\Program Files\SlikSvn\bin;D:\adt-bundle-windows-x86-20140702\sdk\platforms;D:\adt-bundle-windows-x86-20140702\sdk\platform-tools;C:\Program Files\SlikSvn\bin;C:\Windows\system32;C:\Windows;C:\Windows\System32\Wbem;C:\Windows\System32\WindowsPowerShell\v1.0\;C:\Program Files (x86)\Java\jdk1.7.0_55\bin\;C:\apache-ant-1.9.4\bin\;C:\NEW\apache-maven-3.2.3\bin\;C:\Windows\system32;C:\Windows;C:\Windows\System32\Wbem;C:\Windows\System32\WindowsPowerShell\v1.0\;C:\Program Files (x86)\Java\jdk1.7.0_55\bin\;C:\apache-ant-1.9.4\bin\;C:\NEW\apache-maven-3.2.3\bin\;C:\Windows\system32;C:\Windows;C:\Windows\System32\Wbem;C:\Windows\System32\WindowsPowerShell\v1.0\;C:\Program Files (x86)\Java\jdk1.7.0_55\bin\;C:\apache-ant-1.9.4\bin\;C:\NEW\apache-maven-3.2.3\bin\;C:\Windows\system32;C:\Windows;C:\Windows\System32\Wbem;C:\Windows\System32\WindowsPowerShell\v1.0\;C:\Program Files (x86)\Java\jdk1.7.0_55\bin\;C:\apache-ant-1.9.4\bin\;C:\NEW\apache-maven-3.2.3\bin\;C:\Windows\System32;D:\adt-bundle-windows-x86-20140702\sdk\platforms;D:\adt-bundle-windows-x86-20140702\sdk\platform-tools;C:\Program Files\SlikSvn\bin;D:\adt-bundle-windows-x86-20140702\sdk\platforms;D:\adt-bundle-windows-x86-20140702\sdk\platform-tools;C:\Program Files\SlikSvn\bin;D:\adt-bundle-windows-x86-20140702\sdk\platforms;D:\adt-bundle-windows-x86-20140702\sdk\platform-tools;C:\Program Files\SlikSvn\bin;D:\adt-bundle-windows-x86-20140702\sdk\platforms;D:\adt-bundle-windows-x86-20140702\sdk\platform-tools;C:\Program Files\SlikSvn\bin;C:\Users\Nexii\AppData\Local\Programs\Git\cmd;." />
    <property name="env.HUDSON_URL" value="http://localhost:8080/" />
    <property name="ant.java.version" value="1.7" />
    <property name="env.JENKINS_URL" value="http://localhost:8080/" />
    <property name="basedir" value="D:\workspace\AntProject" />
    <property name="java.class.version" value="51.0" />
    <property name="ant.home" value="C:\apache-ant-1.9.4\bin\.." />
    <property name="env.Path" value="C:\Program Files (x86)\Java\jdk1.7.0_55/bin;C:\Program Files (x86)\Java\jdk1.7.0_55/bin;C:\Windows\system32;C:\Windows;C:\Windows\System32\Wbem;C:\Windows\System32\WindowsPowerShell\v1.0\;C:\Program Files (x86)\Java\jdk1.7.0_55\bin\;C:\apache-ant-1.9.4\bin\;C:\NEW\apache-maven-3.2.3\bin\;C:\Windows\system32;C:\Windows;C:\Windows\System32\Wbem;C:\Windows\System32\WindowsPowerShell\v1.0\;C:\Program Files (x86)\Java\jdk1.7.0_55\bin\;C:\apache-ant-1.9.4\bin\;C:\NEW\apache-maven-3.2.3\bin\;C:\Windows\system32;C:\Windows;C:\Windows\System32\Wbem;C:\Windows\System32\WindowsPowerShell\v1.0\;C:\Program Files (x86)\Java\jdk1.7.0_55\bin\;C:\apache-ant-1.9.4\bin\;C:\NEW\apache-maven-3.2.3\bin\;C:\Windows\System32;D:\adt-bundle-windows-x86-20140702\sdk\platforms;D:\adt-bundle-windows-x86-20140702\sdk\platform-tools;C:\Program Files\SlikSvn\bin;D:\adt-bundle-windows-x86-20140702\sdk\platforms;D:\adt-bundle-windows-x86-20140702\sdk\platform-tools;C:\Program Files\SlikSvn\bin;D:\adt-bundle-windows-x86-20140702\sdk\platforms;D:\adt-bundle-windows-x86-20140702\sdk\platform-tools;C:\Program Files\SlikSvn\bin;C:\Windows\system32;C:\Windows;C:\Windows\System32\Wbem;C:\Windows\System32\WindowsPowerShell\v1.0\;C:\Program Files (x86)\Java\jdk1.7.0_55\bin\;C:\apache-ant-1.9.4\bin\;C:\NEW\apache-maven-3.2.3\bin\;C:\Windows\system32;C:\Windows;C:\Windows\System32\Wbem;C:\Windows\System32\WindowsPowerShell\v1.0\;C:\Program Files (x86)\Java\jdk1.7.0_55\bin\;C:\apache-ant-1.9.4\bin\;C:\NEW\apache-maven-3.2.3\bin\;C:\Windows\system32;C:\Windows;C:\Windows\System32\Wbem;C:\Windows\System32\WindowsPowerShell\v1.0\;C:\Program Files (x86)\Java\jdk1.7.0_55\bin\;C:\apache-ant-1.9.4\bin\;C:\NEW\apache-maven-3.2.3\bin\;C:\Windows\system32;C:\Windows;C:\Windows\System32\Wbem;C:\Windows\System32\WindowsPowerShell\v1.0\;C:\Program Files (x86)\Java\jdk1.7.0_55\bin\;C:\apache-ant-1.9.4\bin\;C:\NEW\apache-maven-3.2.3\bin\;C:\Windows\System32;D:\adt-bundle-windows-x86-20140702\sdk\platforms;D:\adt-bundle-windows-x86-20140702\sdk\platform-tools;C:\Program Files\SlikSvn\bin;D:\adt-bundle-windows-x86-20140702\sdk\platforms;D:\adt-bundle-windows-x86-20140702\sdk\platform-tools;C:\Program Files\SlikSvn\bin;D:\adt-bundle-windows-x86-20140702\sdk\platforms;D:\adt-bundle-windows-x86-20140702\sdk\platform-tools;C:\Program Files\SlikSvn\bin;D:\adt-bundle-windows-x86-20140702\sdk\platforms;D:\adt-bundle-windows-x86-20140702\sdk\platform-tools;C:\Program Files\SlikSvn\bin;C:\Users\Nexii\AppData\Local\Programs\Git\cmd" />
    <property name="env.JENKINS_HOME" value="C:\Users\Nexii\.jenkins" />
    <property name="env.HOMEDRIVE" value="C:" />
    <property name="test.reportsDir" value="D:\workspace\AntProject/Reports" />
    <property name="env.windows_tracing_logfile" value="C:\BVTBin\Tests\installpackage\csilogfile.log" />
    <property name="sun.boot.library.path" value="C:\Program Files (x86)\Java\jdk1.7.0_55\jre\bin" />
    <property name="env.PROCESSOR_REVISION" value="2a07" />
    <property name="sun.management.compiler" value="HotSpot Client Compiler" />
    <property name="java.awt.graphicsenv" value="sun.awt.Win32GraphicsEnvironment" />
    <property name="user.variant" value="" />
    <property name="ant.project.name" value="Junit_Ant" />
    <property name="java.vm.specification.version" value="1.7" />
    <property name="awt.toolkit" value="sun.awt.windows.WToolkit" />
    <property name="sun.cpu.isalist" value="pentium_pro+mmx pentium_pro pentium+mmx pentium i486 i386 i86" />
    <property name="java.ext.dirs" value="C:\Program Files (x86)\Java\jdk1.7.0_55\jre\lib\ext;C:\Windows\Sun\Java\lib\ext" />
    <property name="os.version" value="6.1" />
    <property name="user.home" value="C:\Users\Nexii" />
    <property name="java.vm.vendor" value="Oracle Corporation" />
    <property name="env.CommonProgramW6432" value="C:\Program Files\Common Files" />
    <property name="ant.file.type.Junit_Ant" value="file" />
    <property name="env.JAVA_HOME" value="C:\Program Files (x86)\Java\jdk1.7.0_55" />
    <property name="env.ProgramW6432" value="C:\Program Files" />
    <property name="user.dir" value="D:\workspace\AntProject" />
    <property name="env.FP_NO_HOST_CHECK" value="NO" />
    <property name="test.classpath" value="D:\Jars\SaxonLiaison.jar:D:\Jars\jxl-2.6.12.jar:D:\Jars\log4j-1.2.17.jar:D:\Jars\saxon-8.7.jar:D:\Jars\selendroid-client-0.10.0.jar:D:\Jars\selendroid-standalone-0.11.0-with-dependencies.jar:D:\Jars\selenium-server-standalone-2.42.2.jar:D:\Jars\testng-6.8.7.jar:D:\Jars\testng-6.8.jar" />
    <property name="sun.cpu.endian" value="little" />
    <property name="env._USE_CLASSPATH" value="no" />
    <property name="env.ALLUSERSPROFILE" value="C:\ProgramData" />
    <property name="env.PROCESSOR_ARCHITECTURE" value="x86" />
    <property name="java.vm.version" value="24.55-b03" />
    <property name="java.class.path" value="D:\workspace\AntProject\build;D:\Jars\SaxonLiaison.jar;D:\Jars\jxl-2.6.12.jar;D:\Jars\log4j-1.2.17.jar;D:\Jars\saxon-8.7.jar;D:\Jars\selendroid-client-0.10.0.jar;D:\Jars\selendroid-standalone-0.11.0-with-dependencies.jar;D:\Jars\selenium-server-standalone-2.42.2.jar;D:\Jars\testng-6.8.7.jar;D:\Jars\testng-6.8.jar;C:\apache-ant-1.9.4\lib\junit-4.11.jar;C:\apache-ant-1.9.4\lib\ant-launcher.jar;C:\apache-ant-1.9.4\lib\ant.jar;C:\apache-ant-1.9.4\lib\ant-junit.jar;C:\apache-ant-1.9.4\lib\ant-junit4.jar" />
    <property name="env.HOMEPATH" value="\Users\Nexii" />
    <property name="DSTAMP" value="20140909" />
    <property name="ant.library.dir" value="C:\apache-ant-1.9.4\lib" />
    <property name="os.arch" value="x86" />
    <property name="env.SESSIONNAME" value="Console" />
    <property name="sun.java.launcher" value="SUN_STANDARD" />
    <property name="env.CommonProgramFiles" value="C:\Program Files (x86)\Common Files" />
    <property name="env.BUILD_ID" value="2014-09-09_19-22-50" />
    <property name="ant.core.lib" value="C:\apache-ant-1.9.4\lib\ant.jar" />
    <property name="env.ProgramFiles" value="C:\Program Files (x86)" />
    <property name="java.vm.specification.vendor" value="Oracle Corporation" />
    <property name="TSTAMP" value="1922" />
    <property name="file.separator" value="\" />
    <property name="env.ANT_CMD_LINE_ARGS" value=" clean compile run" />
    <property name="java.runtime.version" value="1.7.0_55-b13" />
    <property name="sun.boot.class.path" value="C:\Program Files (x86)\Java\jdk1.7.0_55\jre\lib\resources.jar;C:\Program Files (x86)\Java\jdk1.7.0_55\jre\lib\rt.jar;C:\Program Files (x86)\Java\jdk1.7.0_55\jre\lib\sunrsasign.jar;C:\Program Files (x86)\Java\jdk1.7.0_55\jre\lib\jsse.jar;C:\Program Files (x86)\Java\jdk1.7.0_55\jre\lib\jce.jar;C:\Program Files (x86)\Java\jdk1.7.0_55\jre\lib\charsets.jar;C:\Program Files (x86)\Java\jdk1.7.0_55\jre\lib\jfr.jar;C:\Program Files (x86)\Java\jdk1.7.0_55\jre\classes" />
    <property name="env.ComSpec" value="C:\Windows\system32\cmd.exe" />
    <property name="env.WORKSPACE" value="C:\Users\Nexii\.jenkins\workspace\JenkinsProject1" />
    <property name="env.TEMP" value="C:\Users\Nexii\AppData\Local\Temp" />
    <property name="env.ANT_HOME" value="C:\apache-ant-1.9.4\bin\.." />
    <property name="user.country" value="US" />
    <property name="ws.home" value="D:\workspace\AntProject" />
    <property name="env.EXECUTOR_NUMBER" value="1" />
    <property name="java.vendor" value="Oracle Corporation" />
    <property name="env.PSModulePath" value="C:\Windows\system32\WindowsPowerShell\v1.0\Modules\" />
    <property name="env.HUDSON_COOKIE" value="a59d5947-e0dc-44f7-8bd3-44152078eff3" />
    <property name="java.specification.version" value="1.7" />
    <property name="sun.arch.data.model" value="32" />
  </properties>
  <testcase classname="tests.GmailTest" name="test" time="15.222" />
  <testcase classname="tests.GmailTest" name="testFacebook" time="15.365" />
  <testcase classname="tests.YahooTest" name="test" time="12.597" />
  <system-out><![CDATA[Gmail
Welcome to Facebook - Log In, Sign Up or Learn More
Sign in to Yahoo India
]]></system-out>
  <system-err><![CDATA[log4j:WARN No appenders could be found for logger (org.apache.http.client.protocol.RequestAddCookies).
log4j:WARN Please initialize the log4j system properly.
log4j:WARN See http://logging.apache.org/log4j/1.2/faq.html#noconfig for more info.
]]></system-err>
</testsuite>
